[2018-12-01 15:28:13,180] ERROR {org.ballerinalang.launcher.Main} - null 
java.lang.NullPointerException
	at org.wso2.ballerinalang.compiler.semantics.analyzer.SymbolResolver.lookupSymbol(SymbolResolver.java:424)
	at org.wso2.ballerinalang.compiler.semantics.analyzer.SymbolEnter.visit(SymbolEnter.java:434)
	at org.wso2.ballerinalang.compiler.tree.BLangFunction.accept(BLangFunction.java:66)
	at org.wso2.ballerinalang.compiler.semantics.analyzer.SymbolEnter.defineNode(SymbolEnter.java:163)
	at org.wso2.ballerinalang.compiler.semantics.analyzer.SymbolEnter.lambda$defineConstructs$5(SymbolEnter.java:228)
	at java.util.ArrayList.forEach(ArrayList.java:1257)
	at org.wso2.ballerinalang.compiler.semantics.analyzer.SymbolEnter.defineConstructs(SymbolEnter.java:228)
	at org.wso2.ballerinalang.compiler.semantics.analyzer.SymbolEnter.visit(SymbolEnter.java:194)
	at org.wso2.ballerinalang.compiler.tree.BLangPackage.accept(BLangPackage.java:150)
	at org.wso2.ballerinalang.compiler.semantics.analyzer.SymbolEnter.defineNode(SymbolEnter.java:163)
	at org.wso2.ballerinalang.compiler.semantics.analyzer.SymbolEnter.definePackage(SymbolEnter.java:156)
	at org.wso2.ballerinalang.compiler.PackageLoader.define(PackageLoader.java:415)
	at org.wso2.ballerinalang.compiler.PackageLoader.loadEntryPackage(PackageLoader.java:309)
	at org.wso2.ballerinalang.compiler.Compiler.lambda$compilePackages$3(Compiler.java:153)
	at java.util.stream.ReferencePipeline$3$1.accept(ReferencePipeline.java:193)
	at java.util.stream.ReferencePipeline$2$1.accept(ReferencePipeline.java:175)
	at java.util.stream.Streams$StreamBuilderImpl.forEachRemaining(Streams.java:419)
	at java.util.stream.AbstractPipeline.copyInto(AbstractPipeline.java:481)
	at java.util.stream.AbstractPipeline.wrapAndCopyInto(AbstractPipeline.java:471)
	at java.util.stream.ReduceOps$ReduceOp.evaluateSequential(ReduceOps.java:708)
	at java.util.stream.AbstractPipeline.evaluate(AbstractPipeline.java:234)
	at java.util.stream.ReferencePipeline.collect(ReferencePipeline.java:499)
	at org.wso2.ballerinalang.compiler.Compiler.compilePackages(Compiler.java:155)
	at org.wso2.ballerinalang.compiler.Compiler.compilePackage(Compiler.java:179)
	at org.wso2.ballerinalang.compiler.Compiler.compile(Compiler.java:88)
	at org.wso2.ballerinalang.compiler.Compiler.build(Compiler.java:100)
	at org.ballerinalang.packerina.BuilderUtils.compileWithTestsAndWrite(BuilderUtils.java:70)
	at org.ballerinalang.packerina.cmd.BuildCommand.execute(BuildCommand.java:162)
	at java.util.Optional.ifPresent(Optional.java:159)
	at org.ballerinalang.launcher.Main.main(Main.java:65)
 
